Log file open, 02/09/18 19:50:53
LogInit:Display: Running engine for game: MyProject
LogPlatformFile: Not using cached read wrapper
LogInit:Display: RandInit(606846212) SRandInit(606846212).
LogTaskGraph: Started task graph with 5 named threads and 8 total threads with 1 sets of task threads.
LogStats: Stats thread started at 0.109892
LogInit: Using libcurl 7.47.1
LogInit:  - built for x86_64-pc-win32
LogInit:  - supports SSL with OpenSSL/1.0.2g
LogInit:  - supports HTTP deflate (compression) using libz 1.2.8
LogInit:  - other features:
LogInit:      CURL_VERSION_SSL
LogInit:      CURL_VERSION_LIBZ
LogInit:      CURL_VERSION_IPV6
LogInit:      CURL_VERSION_ASYNCHDNS
LogInit:      CURL_VERSION_LARGEFILE
LogInit:      CURL_VERSION_IDN
LogInit:  CurlRequestOptions (configurable via config and command line):
LogInit:  - bVerifyPeer = false  - Libcurl will NOT verify peer certificate
LogInit:  - bUseHttpProxy = false  - Libcurl will NOT use HTTP proxy
LogInit:  - bDontReuseConnections = false  - Libcurl will reuse connections
LogInit:  - CertBundlePath = nullptr  - Libcurl will use whatever was configured at build time.
LogInit: Build: ++UE4+Release-4.16-CL-3514769
LogInit: Engine Version: 4.16.2-3514769+++UE4+Release-4.16
LogInit: Compatible Engine Version: 4.16.0-3452394+++UE4+Release-4.16
LogInit: Net CL: 3452394
LogDevObjectVersion: Number of dev versions registered: 16
LogDevObjectVersion:   Dev-Blueprints (B0D832E4-1F89-4F0D-ACCF-7EB736FD4AA2): 9
LogDevObjectVersion:   Dev-Build (E1C64328-A22C-4D53-A36C-8E866417BD8C): 0
LogDevObjectVersion:   Dev-Core (375EC13C-06E4-48FB-B500-84F0262A717E): 2
LogDevObjectVersion:   Dev-Editor (E4B068ED-F494-42E9-A231-DA0B2E46BB41): 17
LogDevObjectVersion:   Dev-Framework (CFFC743F-43B0-4480-9391-14DF171D2073): 23
LogDevObjectVersion:   Dev-Mobile (B02B49B5-BB20-44E9-A304-32B752E40360): 0
LogDevObjectVersion:   Dev-Networking (A4E4105C-59A1-49B5-A7C5-40C4547EDFEE): 0
LogDevObjectVersion:   Dev-Online (39C831C9-5AE6-47DC-9A44-9C173E1C8E7C): 0
LogDevObjectVersion:   Dev-Physics (78F01B33-EBEA-4F98-B9B4-84EACCB95AA2): 0
LogDevObjectVersion:   Dev-Platform (6631380F-2D4D-43E0-8009-CF276956A95A): 0
LogDevObjectVersion:   Dev-Rendering (12F88B9F-8875-4AFC-A67C-D90C383ABD29): 15
LogDevObjectVersion:   Dev-Sequencer (7B5AE74C-D270-4C10-A958-57980B212A5A): 4
LogDevObjectVersion:   Dev-VR (D7296918-1DD6-4BDD-9DE2-64A83CC13884): 0
LogDevObjectVersion:   Dev-LoadTimes (C2A15278-BFE7-4AFE-6C17-90FF531DF755): 1
LogDevObjectVersion:   Private-Geometry (6EACA3D4-40EC-4CC1-B786-8BED09428FC5): 1
LogDevObjectVersion:   Dev-AnimPhys (29E575DD-E0A3-4627-9D10-D276232CDCEA): 3
LogInit: Compiled (64-bit): Jun 29 2017 02:03:24
LogInit: Compiled with Visual C++: 19.00.24215.01
LogInit: Build Configuration: Development
LogInit: Branch Name: ++UE4+Release-4.16
LogInit: Command line: -EpicPortal 
LogInit: Base directory: D:/UE_4.16/Engine/Binaries/Win64/
LogInit: Installed Engine Build: 1
LogInit: Presizing for max 8388607 objects, including 0 objects not considered by GC, pre-allocating 0 bytes for permanent pool.
LogInit: Object subsystem initialized
[2018.02.10-00.50.53:508][  0]LogInit: Selected Device Profile: [Windows]
[2018.02.10-00.50.53:508][  0]LogInit: Applying CVar settings loaded from the selected device profile: [Windows]
[2018.02.10-00.50.53:570][  0]LogInit: Computer: DESKTOP-QASU0J3
[2018.02.10-00.50.53:570][  0]LogInit: User: Topleftstyll
[2018.02.10-00.50.53:570][  0]LogInit: CPU Page size=4096, Cores=4
[2018.02.10-00.50.53:570][  0]LogInit: High frequency timer resolution =2.742192 MHz
[2018.02.10-00.50.53:570][  0]LogMemory: Memory total: Physical=15.9GB (16GB approx)
[2018.02.10-00.50.53:570][  0]LogMemory: Platform Memory Stats for Windows
[2018.02.10-00.50.53:570][  0]LogMemory: Process Physical Memory: 276.13 MB used, 276.13 MB peak
[2018.02.10-00.50.53:570][  0]LogMemory: Process Virtual Memory: 261.16 MB used, 261.16 MB peak
[2018.02.10-00.50.53:570][  0]LogMemory: Physical Memory: 8839.82 MB used,  7407.13 MB free, 16246.95 MB total
[2018.02.10-00.50.53:570][  0]LogMemory: Virtual Memory: 677.16 MB used,  7407.13 MB free, 134217728.00 MB total
[2018.02.10-00.50.53:918][  0]LogInit: Using OS detected language (en-US).
[2018.02.10-00.50.53:918][  0]LogInit: Using OS detected locale (en-CA).
[2018.02.10-00.50.53:922][  0]LogTextLocalizationManager: No specific localization for 'en-US' exists, so the 'en' localization will be used.
[2018.02.10-00.50.54:881][  0]LogD3D11RHI: D3D11 adapters:
[2018.02.10-00.50.55:645][  0]LogD3D11RHI:    0. 'NVIDIA GeForce GTX 1070' (Feature Level 11_0)
[2018.02.10-00.50.55:645][  0]LogD3D11RHI:       8074/0/8123 MB DedicatedVideo/DedicatedSystem/SharedSystem, Outputs:1, VendorId:0x10de
[2018.02.10-00.50.55:656][  0]LogD3D11RHI:    1. 'Intel(R) HD Graphics 630' (Feature Level 11_0)
[2018.02.10-00.50.55:656][  0]LogD3D11RHI:       128/0/8123 MB DedicatedVideo/DedicatedSystem/SharedSystem, Outputs:0, VendorId:0x8086
[2018.02.10-00.50.55:658][  0]LogD3D11RHI:    2. 'Microsoft Basic Render Driver' (Feature Level 11_0)
[2018.02.10-00.50.55:658][  0]LogD3D11RHI:       0/0/8123 MB DedicatedVideo/DedicatedSystem/SharedSystem, Outputs:0, VendorId:0x1414
[2018.02.10-00.50.55:658][  0]LogD3D11RHI: Chosen D3D11 Adapter: 0
[2018.02.10-00.50.55:669][  0]LogD3D11RHI: Creating new Direct3DDevice
[2018.02.10-00.50.55:669][  0]LogD3D11RHI:     GPU DeviceId: 0x1ba1 (for the marketing name, search the web for "GPU Device Id")
[2018.02.10-00.50.55:669][  0]LogWindows: EnumDisplayDevices:
[2018.02.10-00.50.55:670][  0]LogWindows:    0. 'Intel(R) HD Graphics 630' (P:1 D:1)
[2018.02.10-00.50.55:670][  0]LogWindows:    1. 'Intel(R) HD Graphics 630' (P:0 D:0)
[2018.02.10-00.50.55:670][  0]LogWindows:    2. 'Intel(R) HD Graphics 630' (P:0 D:0)
[2018.02.10-00.50.55:670][  0]LogWindows:    3. 'NVIDIA GeForce GTX 1070' (P:0 D:0)
[2018.02.10-00.50.55:670][  0]LogWindows:    4. 'NVIDIA GeForce GTX 1070' (P:0 D:0)
[2018.02.10-00.50.55:670][  0]LogWindows:    5. 'NVIDIA GeForce GTX 1070' (P:0 D:0)
[2018.02.10-00.50.55:670][  0]LogWindows:    6. 'NVIDIA GeForce GTX 1070' (P:0 D:0)
[2018.02.10-00.50.55:670][  0]LogWindows: DebugString: GetVideoDriverDetailsInvalid PrimaryIsNotTheChoosenAdapter GetVideoDriverDetailsInvalid PrimaryIsNotTheChoosenAdapter GetVideoDriverDetailsInvalid PrimaryIsNotTheChoosenAdapter GetVideoDriverDetailsInvalid PrimaryIsNotTheChoosenAdapter GetVideoDriverDetailsInvalid PrimaryIsNotTheChoosenAdapter GetVideoDriverDetailsInvalid PrimaryIsNotTheChoosenAdapter GetVideoDriverDetailsInvalid PrimaryIsNotTheChoosenAdapter FoundDriverCount:0 
[2018.02.10-00.50.55:670][  0]LogD3D11RHI:     Adapter Name: NVIDIA GeForce GTX 1070
[2018.02.10-00.50.55:670][  0]LogD3D11RHI:   Driver Version: Unknown (internal:Unknown, unified:Unknown)
[2018.02.10-00.50.55:670][  0]LogD3D11RHI:      Driver Date: Unknown
[2018.02.10-00.50.55:670][  0]LogRHI: Texture pool is 1361 MB (70% of 1945 MB)
[2018.02.10-00.50.56:374][  0]LogD3D11RHI: Async texture creation enabled
[2018.02.10-00.50.56:439][  0]LogD3D11RHI: GPU Timing Frequency: 1000.000000 (Debug: 2 1)
[2018.02.10-00.50.56:442][  0]LogShaderCompilers: Guid format shader working directory is 6 characters bigger than the processId version (../../../../GameDev/_Projects/Unreal/MyProject/Intermediate/Shaders/WorkingDirectory/23348/).
[2018.02.10-00.50.56:442][  0]LogShaderCompilers: Cleaned the shader compiler working directory 'C:/Users/Topleftstyll/AppData/Local/Temp/UnrealShaderWorkingDir/35B28373482B4CA4668706B4A0D8B8D7/'.
[2018.02.10-00.50.56:442][  0]LogShaderCompilers:Display: Using Local Shader Compiler.
[2018.02.10-00.50.57:789][  0]LogTemp:Display: Loaded TP AllDesktopTargetPlatform
[2018.02.10-00.50.57:844][  0]LogTemp:Display: Loaded TP MacClientTargetPlatform
[2018.02.10-00.50.57:926][  0]LogTemp:Display: Loaded TP MacNoEditorTargetPlatform
[2018.02.10-00.50.57:975][  0]LogTemp:Display: Loaded TP MacServerTargetPlatform
[2018.02.10-00.50.58:015][  0]LogTemp:Display: Loaded TP MacTargetPlatform
[2018.02.10-00.50.58:065][  0]LogTemp:Display: Loaded TP WindowsClientTargetPlatform
[2018.02.10-00.50.58:105][  0]LogTemp:Display: Loaded TP WindowsNoEditorTargetPlatform
[2018.02.10-00.50.58:178][  0]LogTemp:Display: Loaded TP WindowsServerTargetPlatform
[2018.02.10-00.50.58:213][  0]LogTemp:Display: Loaded TP WindowsTargetPlatform
[2018.02.10-00.50.58:259][  0]LogTemp:Display: Loaded TP AndroidTargetPlatform
[2018.02.10-00.50.58:301][  0]LogTemp:Display: Loaded TP Android_ASTCTargetPlatform
[2018.02.10-00.50.58:342][  0]LogTemp:Display: Loaded TP Android_ATCTargetPlatform
[2018.02.10-00.50.58:383][  0]LogTemp:Display: Loaded TP Android_DXTTargetPlatform
[2018.02.10-00.50.58:423][  0]LogTemp:Display: Loaded TP Android_ETC1TargetPlatform
[2018.02.10-00.50.58:462][  0]LogTemp:Display: Loaded TP Android_ETC2TargetPlatform
[2018.02.10-00.50.58:542][  0]LogTemp:Display: Loaded TP Android_MultiTargetPlatform
[2018.02.10-00.50.58:542][  0]LogTemp:Display: Loaded TP Android_PVRTCTargetPlatform
[2018.02.10-00.50.58:586][  0]LogTemp:Display: Loaded TP HTML5TargetPlatform
[2018.02.10-00.50.58:674][  0]LogTemp:Display: Loaded TP IOSTargetPlatform
[2018.02.10-00.50.58:704][  0]LogTemp:Display: Loaded TP TVOSTargetPlatform
[2018.02.10-00.50.58:753][  0]LogTemp:Display: Loaded TP LinuxClientTargetPlatform
[2018.02.10-00.50.58:802][  0]LogTemp:Display: Loaded TP LinuxNoEditorTargetPlatform
[2018.02.10-00.50.58:848][  0]LogTemp:Display: Loaded TP LinuxServerTargetPlatform
[2018.02.10-00.50.58:892][  0]LogTemp:Display: Loaded TP LinuxTargetPlatform
[2018.02.10-00.50.58:892][  0]LogTargetPlatformManager:Display: Building Assets For Windows
[2018.02.10-00.50.59:352][  0]LogDerivedDataCache:Display: Max Cache Size: 512 MB
[2018.02.10-00.50.59:447][  0]LogDerivedDataCache: Loaded boot cache 0.10s 90MB C:/Users/Topleftstyll/AppData/Local/UnrealEngine/4.16/DerivedDataCache/Boot.ddc.
[2018.02.10-00.50.59:447][  0]LogDerivedDataCache:Display: Loaded Boot cache: C:/Users/Topleftstyll/AppData/Local/UnrealEngine/4.16/DerivedDataCache/Boot.ddc
[2018.02.10-00.50.59:447][  0]LogDerivedDataCache: FDerivedDataBackendGraph:  Pak pak cache file ../../../../GameDev/_Projects/Unreal/MyProject/DerivedDataCache/DDC.ddp not found, will not use a pak cache.
[2018.02.10-00.50.59:447][  0]LogDerivedDataCache: Unable to find inner node Pak for hierarchical cache Hierarchy.
[2018.02.10-00.50.59:447][  0]LogDerivedDataCache: FDerivedDataBackendGraph:  CompressedPak pak cache file ../../../../GameDev/_Projects/Unreal/MyProject/DerivedDataCache/Compressed.ddp not found, will not use a pak cache.
[2018.02.10-00.50.59:447][  0]LogDerivedDataCache: Unable to find inner node CompressedPak for hierarchical cache Hierarchy.
[2018.02.10-00.50.59:465][  0]LogDerivedDataCache:Display: Pak cache opened for reading ../../../Engine/DerivedDataCache/Compressed.ddp.
[2018.02.10-00.50.59:477][  0]LogDerivedDataCache: Using Local data cache path C:/Users/Topleftstyll/AppData/Local/UnrealEngine/Common/DerivedDataCache: Writable
[2018.02.10-00.50.59:486][  0]LogMaterial: Verifying Global Shaders for PCD3D_SM5
[2018.02.10-00.50.59:487][  0]LogSlate: Using Freetype 2.6.0
[2018.02.10-00.50.59:487][  0]LogSlate: SlateFontCache - WITH_FREETYPE: 1, WITH_HARFBUZZ: 1
[2018.02.10-00.50.59:487][  0]LogSlate: SlateFontCache - WITH_FREETYPE: 1, WITH_HARFBUZZ: 1
[2018.02.10-00.50.59:856][  0]LogInit: Selected Device Profile: [Windows]
[2018.02.10-00.50.59:972][  0]LogContentStreaming: Texture pool size is 0.00 MB
[2018.02.10-00.51.00:124][  0]LogMeshUtilities: Using QuadricMeshReduction for automatic static mesh reduction
[2018.02.10-00.51.00:162][  0]LogSimplygon: Simplygon DLL not present - disabling.
[2018.02.10-00.51.00:197][  0]LogMeshUtilities: Using SimplygonSwarm for distributed automatic mesh merging
[2018.02.10-00.51.00:197][  0]LogMeshUtilities: No automatic skeletal mesh reduction module available
[2018.02.10-00.51.00:197][  0]LogMeshUtilities: No automatic mesh merging module available
[2018.02.10-00.51.00:900][  0]LogNetVersion: MyProject , NetCL: 3452394, EngineNetVer: 2, GameNetVer: 0 (Checksum: 1111101373)
[2018.02.10-00.51.00:970][  0]LogAssetRegistry: FAssetRegistry took 0.0279 seconds to start up
[2018.02.10-00.51.01:087][  0]LogPackageLocalizationCache: Processed 4 localized package path(s) for 2 prioritized culture(s) in 0.101588 seconds
[2018.02.10-00.51.01:092][  0]LogUObjectArray: 34194 objects as part of root set at end of initial load.
[2018.02.10-00.51.01:093][  0]LogUObjectAllocator: 7260416 out of 0 bytes used by permanent object pool.
[2018.02.10-00.51.01:093][  0]LogUObjectArray: CloseDisregardForGC: 0/0 objects in disregard for GC pool
[2018.02.10-00.51.01:152][  0]LogInit: WinSock: version 1.1 (2.2), MaxSocks=32767, MaxUdp=65467
[2018.02.10-00.51.04:496][  0]LogTcpMessaging: Initializing TcpMessaging bridge
[2018.02.10-00.51.04:534][  0]LogUdpMessaging: Initializing bridge on interface 0.0.0.0:0 to multicast group 230.0.0.1:6666.
[2018.02.10-00.51.05:256][  0]LogMaterial: Uniform references updated for custom material expression Custom.
[2018.02.10-00.51.05:618][  0]SourceControl: Info Source control is disabled
[2018.02.10-00.51.05:677][  0]SourceControl: Info Source control is disabled
[2018.02.10-00.51.05:715][  0]SourceControl: Info Source control is disabled
[2018.02.10-00.51.05:755][  0]SourceControl: Info Source control is disabled
[2018.02.10-00.51.06:299][  0]LogAndroidPermission: UAndroidPermissionCallbackProxy::GetInstance
[2018.02.10-00.51.06:772][  0]LogEngine: Initializing Engine...
[2018.02.10-00.51.06:772][  0]LogHMD: Failed to initialize OpenVR with code 110
[2018.02.10-00.51.07:070][  0]LogStats: UGameplayTagsManager::ConstructGameplayTagTree: Construct from data asset -  0.000 s
[2018.02.10-00.51.07:070][  0]LogStats: UGameplayTagsManager::ConstructGameplayTagTree: GameplayTagTreeChangedEvent.Broadcast -  0.000 s
[2018.02.10-00.51.07:219][  0]LogAIModule: Creating AISystem for world Untitled
[2018.02.10-00.51.07:231][  0]LogInit: XAudio2 using 'Speakers / Headphones (Realtek Audio)' : 6 channels at 48 kHz using 32 bits per sample (channel mask 0x3f)
[2018.02.10-00.51.08:210][  0]LogInit: FAudioDevice initialized.
[2018.02.10-00.51.08:260][  0]LogDerivedDataCache: Saved boot cache 0.05s 90MB C:/Users/Topleftstyll/AppData/Local/UnrealEngine/4.16/DerivedDataCache/Boot.ddc.
[2018.02.10-00.51.08:269][  0]LogInit: Texture streaming: Enabled
[2018.02.10-00.51.08:345][  0]LogEngineSessionManager: EngineSessionManager initialized
[2018.02.10-00.51.08:570][  0]LogInit: Transaction tracking system initialized
[2018.02.10-00.51.08:814][  0]BlueprintLog: New page: Editor Load
[2018.02.10-00.51.09:688][  0]LocalizationService: Info Localization service is disabled
[2018.02.10-00.51.10:231][  0]LogConsoleResponse:Display: 
[2018.02.10-00.51.10:470][  0]LogCook:Display: Max memory allowance for cook 16384mb min free memory 0mb
[2018.02.10-00.51.10:470][  0]LogCook:Display: Mobile HDR setting 1
[2018.02.10-00.51.10:794][  0]LogFileCache: Scanning file cache for directory 'D:/GameDev/_Projects/Unreal/MyProject/Content/' took 0.04s
[2018.02.10-00.51.11:316][  0]SourceControl: Info Source control is disabled
[2018.02.10-00.51.11:316][  0]Cmd: MAP LOAD FILE="../../../../GameDev/_Projects/Unreal/MyProject/Content/2DSideScrollerBP/Maps/2DSideScrollerExampleMap.umap" TEMPLATE=0 SHOWPROGRESS=1 FEATURELEVEL=3
[2018.02.10-00.51.11:337][  0]LightingResults: New page: Lighting Build
[2018.02.10-00.51.11:372][  0]MapCheck: New page: Map Check
[2018.02.10-00.51.11:372][  0]LightingResults: New page: Lighting Build
[2018.02.10-00.51.14:175][  0]LogTexture:Display: Building textures: doorOpen_top (AutoDXT, 128X128)
[2018.02.10-00.51.14:184][  0]LogTexture:Display: Building textures: doorOpen_mid (AutoDXT, 128X128)
[2018.02.10-00.51.14:189][  0]LogTexture:Display: Building textures: grass (AutoDXT, 128X128)
[2018.02.10-00.51.14:204][  0]LogTexture:Display: Building textures: saw_move (AutoDXT, 128X128)
[2018.02.10-00.51.14:231][  0]LogTexture:Display: Building textures: colored_shroom (AutoDXT, 1024X1024)
[2018.02.10-00.51.14:424][  0]LogAudioDerivedData:Display: Building compressed audio format OGG wave Ta_Da-SoundBible_com-1884170640...
[2018.02.10-00.51.14:580][  0]LogTexture:Display: Building textures: alienGreen_stand (AutoDXT, 128X256)
[2018.02.10-00.51.14:600][  0]LogTexture:Display: Building textures: alienGreen_walk2 (AutoDXT, 128X256)
[2018.02.10-00.51.14:620][  0]LogTexture:Display: Building textures: alienGreen_walk1 (AutoDXT, 128X256)
[2018.02.10-00.51.14:638][  0]LogTexture:Display: Building textures: fishGreen (AutoDXT, 128X128)
[2018.02.10-00.51.14:651][  0]LogTexture:Display: Building textures: fishGreen_move (AutoDXT, 128X128)
[2018.02.10-00.51.14:668][  0]LogTexture:Display: Building textures: coinGold (AutoDXT, 128X128)
[2018.02.10-00.51.14:679][  0]LogAudioDerivedData:Display: Building compressed audio format OGG wave smb3_coin...
[2018.02.10-00.51.14:759][  0]LogTexture:Display: Building textures: saw (AutoDXT, 128X128)
[2018.02.10-00.51.14:780][  0]LogTexture:Display: Building textures: fishGreen_dead (AutoDXT, 128X128)
[2018.02.10-00.51.14:902][  0]LogAIModule: Creating AISystem for world 2DSideScrollerExampleMap
[2018.02.10-00.51.14:970][  0]LogEditorServer: Finished looking for orphan Actors (0.000 secs)
[2018.02.10-00.51.15:046][  0]Cmd: MAP CHECKDEP NOCLEARLOG
[2018.02.10-00.51.15:090][  0]MapCheck: Info Map check complete: 0 Error(s), 0 Warning(s), took 43.69ms to complete.
[2018.02.10-00.51.15:090][  0]LogFileHelpers: Loading map '2DSideScrollerExampleMap' took 3.774
[2018.02.10-00.51.15:174][  0]LogWindowsTextInputMethodSystem:Display: IME system now deactivated.
[2018.02.10-00.51.16:966][  0]LogCollectionManager: Loaded 0 collections in 0.001132 seconds
[2018.02.10-00.51.17:227][  0]LogFileCache: Scanning file cache for directory 'D:/GameDev/_Projects/Unreal/MyProject/Saved/Collections/' took 0.01s
[2018.02.10-00.51.17:227][  0]LogFileCache: Scanning file cache for directory 'D:/GameDev/_Projects/Unreal/MyProject/Content/Developers/Topleftstyll/Collections/' took 0.01s
[2018.02.10-00.51.17:227][  0]LogFileCache: Scanning file cache for directory 'D:/GameDev/_Projects/Unreal/MyProject/Content/Collections/' took 0.01s
[2018.02.10-00.51.17:227][  0]LogCollectionManager: Rebuilt the GUID cache for 0 collections in 0.000004 seconds
[2018.02.10-00.51.17:290][  0]LogContentBrowser: Native class hierarchy populated in 0.0365 seconds. Added 2330 classes and 493 folders.
[2018.02.10-00.51.17:417][  0]LogContentBrowser: Native class hierarchy updated for 'WidgetCarousel' in 0.0005 seconds. Added 0 classes and 0 folders.
[2018.02.10-00.51.18:932][  0]LogContentBrowser: Native class hierarchy updated for 'AddContentDialog' in 0.0005 seconds. Added 0 classes and 0 folders.
[2018.02.10-00.51.18:977][  0]LogCrashTracker: Crashtracker disabled due to settings.
[2018.02.10-00.51.19:156][  0]LogSlate: Took 0.000198 seconds to synchronously load lazily loaded font '../../../Engine/Content/Slate/Fonts/Roboto-Regular.ttf' (155K)
[2018.02.10-00.51.19:160][  0]LogSlate: Took 0.000216 seconds to synchronously load lazily loaded font '../../../Engine/Content/Slate/Fonts/Roboto-Bold.ttf' (160K)
[2018.02.10-00.51.19:317][  0]LogSlate: Took 0.013991 seconds to synchronously load lazily loaded font '../../../Engine/Content/Editor/Slate/Fonts/FontAwesome.ttf' (139K)
[2018.02.10-00.51.19:846][  0]LogRenderer: Reallocating scene render targets to support 1104x652 NumSamples 1 (Frame:1).
[2018.02.10-00.51.20:165][  0]LogSlate: Took 0.038579 seconds to synchronously load lazily loaded font '../../../Engine/Content/Slate/Fonts/Roboto-Light.ttf' (159K)
[2018.02.10-00.51.20:379][  0]LogUObjectGlobals:Warning: Failed to find object 'Class None.'
[2018.02.10-00.51.20:434][  0]LogContentBrowser: Native class hierarchy updated for 'HierarchicalLODOutliner' in 0.0007 seconds. Added 1 classes and 2 folders.
[2018.02.10-00.51.20:434][  0]LogLoad: (Engine Initialization) Total time: 28.96 seconds
[2018.02.10-00.51.20:434][  0]LogLoad: (Engine Initialization) Total Blueprint compile time: 0.32 seconds
[2018.02.10-00.51.20:434][  0]LogExternalProfiler: Found external profiler: VSPerf
[2018.02.10-00.51.20:434][  0]LogExternalProfiler: Using external profiler: VSPerf
[2018.02.10-00.51.20:529][  0]LogEditorViewport: Clicking on Actor (double click): PaperSpriteActor (Background_Sprite3)
[2018.02.10-00.51.20:985][  0]LogOcInput: OculusInput pre-init called
[2018.02.10-00.51.20:985][  0]LogHMD: Starting GearVRController plugin
[2018.02.10-00.51.21:039][  0]LogContentStreaming: Texture pool size now 1000 MB
[2018.02.10-00.51.21:519][  2]LogAssetRegistry: Asset discovery search completed in 20.5717 seconds
[2018.02.10-00.51.21:523][  2]LogCollectionManager: Rebuilt the object cache for 0 collections in 0.000000 seconds (found 0 objects)
[2018.02.10-00.51.21:523][  2]LogCollectionManager: Fixed up redirectors for 0 collections in 0.000032 seconds (updated 0 objects)
[2018.02.10-00.51.34:733][ 60]LogWindowsTextInputMethodSystem:Display: IME system now deactivated.
[2018.02.10-00.51.35:036][ 61]Cmd: QUIT_EDITOR
[2018.02.10-00.51.35:071][ 61]LogExit: Preparing to exit.
[2018.02.10-00.51.35:728][ 61]LogDirectoryWatcher: A directory notification for 'D:/GameDev/_Projects/Unreal/MyProject/Content/' was aborted.
[2018.02.10-00.51.35:764][ 61]LogExit: Editor shut down
[2018.02.10-00.51.35:779][ 61]LogExit: Transaction tracking system shut down
[2018.02.10-00.51.35:888][ 61]LogObj: Freed 0b from 0 cluster array pools.
[2018.02.10-00.51.35:888][ 61]LogExit: Object subsystem successfully closed.
[2018.02.10-00.51.36:124][ 61]LogD3D11RHI: Shutdown
[2018.02.10-00.51.36:124][ 61]LogD3D11RHI: CleanupD3DDevice
[2018.02.10-00.51.36:488][ 61]LogD3D11RHI: ~FD3D11DynamicRHI
[2018.02.10-00.51.36:503][ 61]LogModuleManager: Shutting down and abandoning module HierarchicalLODOutliner (524)
[2018.02.10-00.51.36:503][ 61]LogModuleManager: Shutting down and abandoning module CrashTracker (522)
[2018.02.10-00.51.36:503][ 61]LogModuleManager: Shutting down and abandoning module AddContentDialog (520)
[2018.02.10-00.51.36:503][ 61]LogDirectoryWatcher: A directory notification for 'D:/UE_4.16/FeaturePacks/' was aborted.
[2018.02.10-00.51.36:504][ 61]LogModuleManager: Shutting down and abandoning module WidgetCarousel (519)
[2018.02.10-00.51.36:504][ 61]LogModuleManager: Shutting down and abandoning module EditorWidgets (516)
[2018.02.10-00.51.36:504][ 61]LogModuleManager: Shutting down and abandoning module CollectionManager (514)
[2018.02.10-00.51.36:504][ 61]LogDirectoryWatcher: A directory notification for 'D:/GameDev/_Projects/Unreal/MyProject/Content/Collections/' was aborted.
[2018.02.10-00.51.36:504][ 61]LogDirectoryWatcher: A directory notification for 'D:/GameDev/_Projects/Unreal/MyProject/Content/Developers/Topleftstyll/Collections/' was aborted.
[2018.02.10-00.51.36:504][ 61]LogDirectoryWatcher: A directory notification for 'D:/GameDev/_Projects/Unreal/MyProject/Saved/Collections/' was aborted.
[2018.02.10-00.51.36:504][ 61]LogModuleManager: Shutting down and abandoning module SceneOutliner (512)
[2018.02.10-00.51.36:504][ 61]LogModuleManager: Shutting down and abandoning module StatsViewer (510)
[2018.02.10-00.51.36:504][ 61]LogModuleManager: Shutting down and abandoning module FoliageEdit (508)
[2018.02.10-00.51.36:504][ 61]LogModuleManager: Shutting down and abandoning module LandscapeEditor (506)
[2018.02.10-00.51.36:505][ 61]LogModuleManager: Shutting down and abandoning module MeshPaintMode (504)
[2018.02.10-00.51.36:505][ 61]LogModuleManager: Shutting down and abandoning module SceneDepthPickerMode (502)
[2018.02.10-00.51.36:505][ 61]LogModuleManager: Shutting down and abandoning module ActorPickerMode (500)
[2018.02.10-00.51.36:505][ 61]LogModuleManager: Shutting down and abandoning module GeometryMode (498)
[2018.02.10-00.51.36:505][ 61]LogModuleManager: Shutting down and abandoning module TextureAlignMode (496)
[2018.02.10-00.51.36:505][ 61]LogModuleManager: Shutting down and abandoning module BspMode (494)
[2018.02.10-00.51.36:505][ 61]LogModuleManager: Shutting down and abandoning module HardwareSurvey (492)
[2018.02.10-00.51.36:505][ 61]LogModuleManager: Shutting down and abandoning module SequenceRecorderSections (490)
[2018.02.10-00.51.36:505][ 61]LogModuleManager: Shutting down and abandoning module AutomationWorker (488)
[2018.02.10-00.51.36:505][ 61]LogModuleManager: Shutting down and abandoning module MatineeToLevelSequence (486)
[2018.02.10-00.51.36:505][ 61]LogModuleManager: Shutting down and abandoning module LevelSequenceEditor (484)
[2018.02.10-00.51.36:505][ 61]LogModuleManager: Shutting down and abandoning module PlacementMode (483)
[2018.02.10-00.51.36:505][ 61]LogModuleManager: Shutting down and abandoning module WmfMediaFactory (480)
[2018.02.10-00.51.36:505][ 61]LogModuleManager: Shutting down and abandoning module WmfMediaEditor (478)
[2018.02.10-00.51.36:505][ 61]LogModuleManager: Shutting down and abandoning module AvfMediaFactory (476)
[2018.02.10-00.51.36:505][ 61]LogModuleManager: Shutting down and abandoning module AvfMediaEditor (474)
[2018.02.10-00.51.36:505][ 61]LogModuleManager: Shutting down and abandoning module AndroidMediaFactory (472)
[2018.02.10-00.51.36:505][ 61]LogModuleManager: Shutting down and abandoning module Media (471)
[2018.02.10-00.51.36:505][ 61]LogModuleManager: Shutting down and abandoning module AndroidMediaEditor (468)
[2018.02.10-00.51.36:505][ 61]LogModuleManager: Shutting down and abandoning module CharacterAI (466)
[2018.02.10-00.51.36:505][ 61]LogModuleManager: Shutting down and abandoning module AudioCapture (464)
[2018.02.10-00.51.36:505][ 61]LogModuleManager: Shutting down and abandoning module SequenceRecorder (463)
[2018.02.10-00.51.36:505][ 61]LogModuleManager: Shutting down and abandoning module SmartSnapping (460)
[2018.02.10-00.51.36:505][ 61]LogModuleManager: Shutting down and abandoning module SessionServices (458)
[2018.02.10-00.51.36:505][ 61]LogModuleManager: Shutting down and abandoning module ViewportSnapping (456)
[2018.02.10-00.51.36:505][ 61]LogModuleManager: Shutting down and abandoning module ViewportInteraction (454)
[2018.02.10-00.51.36:505][ 61]LogModuleManager: Shutting down and abandoning module ClothPainter (452)
[2018.02.10-00.51.36:505][ 61]LogModuleManager: Shutting down and abandoning module LogVisualizer (450)
[2018.02.10-00.51.36:505][ 61]LogModuleManager: Shutting down and abandoning module IntroTutorials (448)
[2018.02.10-00.51.36:505][ 61]LogModuleManager: Shutting down and abandoning module GameProjectGeneration (447)
[2018.02.10-00.51.36:505][ 61]LogModuleManager: Shutting down and abandoning module EditorLiveStreaming (444)
[2018.02.10-00.51.36:505][ 61]LogModuleManager: Shutting down and abandoning module IOSPlatformEditor (442)
[2018.02.10-00.51.36:505][ 61]LogModuleManager: Shutting down and abandoning module HTML5PlatformEditor (440)
[2018.02.10-00.51.36:505][ 61]LogModuleManager: Shutting down and abandoning module AndroidPlatformEditor (438)
[2018.02.10-00.51.36:505][ 61]LogModuleManager: Shutting down and abandoning module AndroidDeviceDetection (437)
[2018.02.10-00.51.36:958][ 61]LogModuleManager: Shutting down and abandoning module IOSRuntimeSettings (434)
[2018.02.10-00.51.36:958][ 61]LogModuleManager: Shutting down and abandoning module AndroidRuntimeSettings (432)
[2018.02.10-00.51.36:958][ 61]LogModuleManager: Shutting down and abandoning module InputBindingEditor (430)
[2018.02.10-00.51.36:958][ 61]LogModuleManager: Shutting down and abandoning module MergeActors (428)
[2018.02.10-00.51.36:958][ 61]LogModuleManager: Shutting down and abandoning module SizeMap (426)
[2018.02.10-00.51.36:958][ 61]LogModuleManager: Shutting down and abandoning module TreeMap (424)
[2018.02.10-00.51.36:958][ 61]LogModuleManager: Shutting down and abandoning module ReferenceViewer (422)
[2018.02.10-00.51.36:958][ 61]LogModuleManager: Shutting down and abandoning module LocalizationDashboard (420)
[2018.02.10-00.51.36:958][ 61]LogModuleManager: Shutting down and abandoning module LocalizationService (419)
[2018.02.10-00.51.36:958][ 61]LogModuleManager: Shutting down and abandoning module HardwareTargeting (416)
[2018.02.10-00.51.36:958][ 61]LogModuleManager: Shutting down and abandoning module DeviceProfileEditor (414)
[2018.02.10-00.51.36:958][ 61]LogModuleManager: Shutting down and abandoning module UndoHistory (412)
[2018.02.10-00.51.36:958][ 61]LogModuleManager: Shutting down and abandoning module UserFeedback (410)
[2018.02.10-00.51.36:958][ 61]LogModuleManager: Shutting down and abandoning module XmlParser (408)
[2018.02.10-00.51.36:958][ 61]LogModuleManager: Shutting down and abandoning module Blutility (406)
[2018.02.10-00.51.36:958][ 61]LogModuleManager: Shutting down and abandoning module ProjectSettingsViewer (404)
[2018.02.10-00.51.36:958][ 61]LogModuleManager: Shutting down and abandoning module ProjectTargetPlatformEditor (403)
[2018.02.10-00.51.36:958][ 61]LogModuleManager: Shutting down and abandoning module EditorSettingsViewer (400)
[2018.02.10-00.51.36:958][ 61]LogModuleManager: Shutting down and abandoning module SettingsEditor (398)
[2018.02.10-00.51.36:958][ 61]LogModuleManager: Shutting down and abandoning module ProjectLauncher (396)
[2018.02.10-00.51.36:958][ 61]LogModuleManager: Shutting down and abandoning module SessionFrontend (394)
[2018.02.10-00.51.36:958][ 61]LogModuleManager: Shutting down and abandoning module ProfilerClient (392)
[2018.02.10-00.51.36:958][ 61]LogModuleManager: Shutting down and abandoning module DeviceManager (390)
[2018.02.10-00.51.36:959][ 61]LogModuleManager: Shutting down and abandoning module TargetDeviceServices (389)
[2018.02.10-00.51.37:014][ 61]LogModuleManager: Shutting down and abandoning module AutomationController (386)
[2018.02.10-00.51.37:014][ 61]LogModuleManager: Shutting down and abandoning module AutomationWindow (384)
[2018.02.10-00.51.37:014][ 61]LogModuleManager: Shutting down and abandoning module Layers (382)
[2018.02.10-00.51.37:014][ 61]LogModuleManager: Shutting down and abandoning module ComponentVisualizers (380)
[2018.02.10-00.51.37:014][ 61]LogModuleManager: Shutting down and abandoning module DetailCustomizations (378)
[2018.02.10-00.51.37:014][ 61]LogModuleManager: Shutting down and abandoning module PackagesDialog (376)
[2018.02.10-00.51.37:014][ 61]LogModuleManager: Shutting down and abandoning module Persona (374)
[2018.02.10-00.51.37:014][ 61]LogModuleManager: Shutting down and abandoning module AdvancedPreviewScene (373)
[2018.02.10-00.51.37:014][ 61]LogModuleManager: Shutting down and abandoning module AnimGraph (371)
[2018.02.10-00.51.37:014][ 61]LogModuleManager: Shutting down and abandoning module Kismet (368)
[2018.02.10-00.51.37:015][ 61]LogModuleManager: Shutting down and abandoning module ClassViewer (366)
[2018.02.10-00.51.37:015][ 61]LogModuleManager: Shutting down and abandoning module Toolbox (364)
[2018.02.10-00.51.37:015][ 61]LogModuleManager: Shutting down and abandoning module ModuleUI (362)
[2018.02.10-00.51.37:015][ 61]LogModuleManager: Shutting down and abandoning module MovieSceneTools (360)
[2018.02.10-00.51.37:015][ 61]LogModuleManager: Shutting down and abandoning module OutputLog (358)
[2018.02.10-00.51.37:015][ 61]LogModuleManager: Shutting down and abandoning module GammaUI (356)
[2018.02.10-00.51.37:015][ 61]LogModuleManager: Shutting down and abandoning module Documentation (354)
[2018.02.10-00.51.37:015][ 61]LogModuleManager: Shutting down and abandoning module MovieSceneTracks (352)
[2018.02.10-00.51.37:015][ 61]LogModuleManager: Shutting down and abandoning module MovieScene (350)
[2018.02.10-00.51.37:015][ 61]LogModuleManager: Shutting down and abandoning module Niagara (348)
[2018.02.10-00.51.37:015][ 61]LogModuleManager: Shutting down and abandoning module NiagaraEditor (347)
[2018.02.10-00.51.37:015][ 61]LogModuleManager: Shutting down and abandoning module StreamingPauseRendering (344)
[2018.02.10-00.51.37:015][ 61]LogModuleManager: Shutting down and abandoning module AnalyticsET (342)
[2018.02.10-00.51.37:015][ 61]LogModuleManager: Shutting down and abandoning module PortalServices (340)
[2018.02.10-00.51.37:015][ 61]LogModuleManager: Shutting down and abandoning module PortalRpc (338)
[2018.02.10-00.51.37:015][ 61]LogModuleManager: Shutting down and abandoning module MessagingRpc (336)
[2018.02.10-00.51.37:015][ 61]LogModuleManager: Shutting down and abandoning module AIModule (334)
[2018.02.10-00.51.37:015][ 61]LogModuleManager: Shutting down and abandoning module GameplayDebugger (333)
[2018.02.10-00.51.37:015][ 61]LogModuleManager: Shutting down and abandoning module AITestSuite (331)
[2018.02.10-00.51.37:015][ 61]LogModuleManager: Shutting down and abandoning module ProfilerService (328)
[2018.02.10-00.51.37:025][ 61]LogModuleManager: Shutting down and abandoning module TaskGraph (326)
[2018.02.10-00.51.37:025][ 61]LogModuleManager: Shutting down and abandoning module SteamVRController (324)
[2018.02.10-00.51.37:025][ 61]LogModuleManager: Shutting down and abandoning module SteamVR (322)
[2018.02.10-00.51.37:025][ 61]LogModuleManager: Shutting down and abandoning module ProceduralMeshComponentEditor (320)
[2018.02.10-00.51.37:025][ 61]LogModuleManager: Shutting down and abandoning module ProceduralMeshComponent (318)
[2018.02.10-00.51.37:025][ 61]LogModuleManager: Shutting down and abandoning module OculusLibrary (316)
[2018.02.10-00.51.37:025][ 61]LogModuleManager: Shutting down and abandoning module OculusInput (314)
[2018.02.10-00.51.37:025][ 61]LogModuleManager: Shutting down and abandoning module MobilePatchingUtils (312)
[2018.02.10-00.51.37:025][ 61]LogModuleManager: Shutting down and abandoning module CustomMeshComponent (310)
[2018.02.10-00.51.37:025][ 61]LogModuleManager: Shutting down and abandoning module CableComponent (308)
[2018.02.10-00.51.37:025][ 61]LogModuleManager: Shutting down and abandoning module ArchVisCharacter (306)
[2018.02.10-00.51.37:025][ 61]LogModuleManager: Shutting down and abandoning module AndroidPermission (304)
[2018.02.10-00.51.37:025][ 61]LogModuleManager: Shutting down and abandoning module MediaPlayerEditor (300)
[2018.02.10-00.51.37:025][ 61]LogModuleManager: Shutting down and abandoning module HTML5Networking (298)
[2018.02.10-00.51.37:025][ 61]LogModuleManager: Shutting down and abandoning module AlembicImporter (296)
[2018.02.10-00.51.37:025][ 61]LogModuleManager: Shutting down and abandoning module AlembicLibrary (295)
[2018.02.10-00.51.37:025][ 61]LogModuleManager: Shutting down and abandoning module GeometryCache (294)
[2018.02.10-00.51.37:025][ 61]LogModuleManager: Shutting down and abandoning module GeometryCacheEd (293)
[2018.02.10-00.51.37:025][ 61]LogModuleManager: Shutting down and abandoning module SuperSearchEditor (288)
[2018.02.10-00.51.37:025][ 61]LogModuleManager: Shutting down and abandoning module SuperSearch (287)
[2018.02.10-00.51.37:025][ 61]LogModuleManager: Shutting down and abandoning module SpeedTreeImporter (284)
[2018.02.10-00.51.37:025][ 61]LogModuleManager: Shutting down and abandoning module PluginBrowser (282)
[2018.02.10-00.51.37:026][ 61]LogModuleManager: Shutting down and abandoning module MobileLauncherProfileWizard (280)
[2018.02.10-00.51.37:026][ 61]LogModuleManager: Shutting down and abandoning module VisualStudioSourceCodeAccess (278)
[2018.02.10-00.51.37:026][ 61]LogModuleManager: Shutting down and abandoning module DesktopPlatform (277)
[2018.02.10-00.51.37:026][ 61]LogModuleManager: Shutting down and abandoning module UObjectPlugin (274)
[2018.02.10-00.51.37:026][ 61]LogModuleManager: Shutting down and abandoning module SubversionSourceControl (272)
[2018.02.10-00.51.37:026][ 61]LogModuleManager: Shutting down and abandoning module PerforceSourceControl (270)
[2018.02.10-00.51.37:026][ 61]LogModuleManager: Shutting down and abandoning module GitSourceControl (268)
[2018.02.10-00.51.37:026][ 61]LogModuleManager: Shutting down and abandoning module SourceControl (267)
[2018.02.10-00.51.37:026][ 61]LogModuleManager: Shutting down and abandoning module LightPropagationVolumeEditor (264)
[2018.02.10-00.51.37:026][ 61]LogModuleManager: Shutting down and abandoning module PaperTiledImporter (262)
[2018.02.10-00.51.37:026][ 61]LogModuleManager: Shutting down and abandoning module PaperSpriteSheetImporter (260)
[2018.02.10-00.51.37:026][ 61]LogModuleManager: Shutting down and abandoning module Paper2DEditor (258)
[2018.02.10-00.51.37:026][ 61]LogModuleManager: Shutting down and abandoning module MeshPaint (257)
[2018.02.10-00.51.37:026][ 61]LogModuleManager: Shutting down and abandoning module LevelEditor (255)
[2018.02.10-00.51.37:027][ 61]LogModuleManager: Shutting down and abandoning module PixelInspectorModule (254)
[2018.02.10-00.51.37:027][ 61]LogModuleManager: Shutting down and abandoning module MainFrame (252)
[2018.02.10-00.51.37:027][ 61]LogModuleManager: Shutting down and abandoning module HotReload (251)
[2018.02.10-00.51.37:028][ 61]LogModuleManager: Shutting down and abandoning module PhysXVehiclesEditor (246)
[2018.02.10-00.51.37:028][ 61]LogModuleManager: Shutting down and abandoning module PhysXVehicles (244)
[2018.02.10-00.51.37:028][ 61]LogModuleManager: Shutting down and abandoning module LocationServicesBPLibrary (242)
[2018.02.10-00.51.37:028][ 61]LogModuleManager: Shutting down and abandoning module ImmediatePhysicsEditor (240)
[2018.02.10-00.51.37:028][ 61]LogModuleManager: Shutting down and abandoning module ImmediatePhysics (238)
[2018.02.10-00.51.37:028][ 61]LogModuleManager: Shutting down and abandoning module UdpMessaging (236)
[2018.02.10-00.51.37:129][ 61]LogModuleManager: Shutting down and abandoning module TcpMessaging (234)
[2018.02.10-00.51.37:229][ 61]LogModuleManager: Shutting down and abandoning module GameplayTagsEditor (232)
[2018.02.10-00.51.37:229][ 61]LogModuleManager: Shutting down and abandoning module FacialAnimationEditor (230)
[2018.02.10-00.51.37:229][ 61]LogModuleManager: Shutting down and abandoning module FacialAnimation (228)
[2018.02.10-00.51.37:229][ 61]LogModuleManager: Shutting down and abandoning module AssetManagerEditor (226)
[2018.02.10-00.51.37:229][ 61]LogModuleManager: Shutting down and abandoning module GraphEditor (225)
[2018.02.10-00.51.37:229][ 61]LogModuleManager: Shutting down and abandoning module ContentBrowser (223)
[2018.02.10-00.51.37:229][ 61]LogModuleManager: Shutting down and abandoning module LightPropagationVolumeRuntime (220)
[2018.02.10-00.51.37:229][ 61]LogModuleManager: Shutting down and abandoning module Paper2D (218)
[2018.02.10-00.51.37:229][ 61]LogModuleManager: Shutting down and abandoning module WindowsMoviePlayer (216)
[2018.02.10-00.51.37:229][ 61]LogModuleManager: Shutting down and abandoning module WmfMedia (214)
[2018.02.10-00.51.37:231][ 61]LogModuleManager: Shutting down and abandoning module ClothingSystemEditor (212)
[2018.02.10-00.51.37:231][ 61]LogModuleManager: Shutting down and abandoning module ClothingSystemRuntime (210)
[2018.02.10-00.51.37:231][ 61]LogModuleManager: Shutting down and abandoning module MediaAssets (208)
[2018.02.10-00.51.37:231][ 61]LogModuleManager: Shutting down and abandoning module GameLiveStreaming (206)
[2018.02.10-00.51.37:232][ 61]LogModuleManager: Shutting down and abandoning module VREditor (204)
[2018.02.10-00.51.37:232][ 61]LogModuleManager: Shutting down and abandoning module StringTableEditor (202)
[2018.02.10-00.51.37:232][ 61]LogModuleManager: Shutting down and abandoning module GameplayTasksEditor (200)
[2018.02.10-00.51.37:232][ 61]LogModuleManager: Shutting down and abandoning module BehaviorTreeEditor (198)
[2018.02.10-00.51.37:232][ 61]LogModuleManager: Shutting down and abandoning module FunctionalTesting (196)
[2018.02.10-00.51.37:232][ 61]LogModuleManager: Shutting down and abandoning module CollisionAnalyzer (194)
[2018.02.10-00.51.37:232][ 61]LogModuleManager: Shutting down and abandoning module UMG (192)
[2018.02.10-00.51.37:232][ 61]LogModuleManager: Shutting down and abandoning module UMGEditor (191)
[2018.02.10-00.51.37:232][ 61]LogModuleManager: Shutting down and abandoning module Sequencer (190)
[2018.02.10-00.51.37:232][ 61]LogModuleManager: Shutting down and abandoning module AssetTools (188)
[2018.02.10-00.51.37:232][ 61]LogModuleManager: Shutting down and abandoning module MessageLog (187)
[2018.02.10-00.51.37:232][ 61]LogModuleManager: Shutting down and abandoning module WorkspaceMenuStructure (186)
[2018.02.10-00.51.37:232][ 61]LogModuleManager: Shutting down and abandoning module SlateReflector (180)
[2018.02.10-00.51.37:232][ 61]LogModuleManager: Shutting down and abandoning module Slate (178)
[2018.02.10-00.51.37:232][ 61]LogModuleManager: Shutting down and abandoning module EditorStyle (176)
[2018.02.10-00.51.37:233][ 61]LogModuleManager: Shutting down and abandoning module SourceCodeAccess (174)
[2018.02.10-00.51.37:233][ 61]LogModuleManager: Shutting down and abandoning module HeadMountedDisplay (172)
[2018.02.10-00.51.37:233][ 61]LogModuleManager: Shutting down and abandoning module XAudio2 (170)
[2018.02.10-00.51.37:233][ 61]LogModuleManager: Shutting down and abandoning module Networking (168)
[2018.02.10-00.51.37:233][ 61]LogModuleManager: Shutting down and abandoning module Core (164)
[2018.02.10-00.51.37:233][ 61]LogModuleManager: Shutting down and abandoning module AssetRegistry (162)
[2018.02.10-00.51.37:314][ 61]LogDirectoryWatcher: A directory notification for '../../../Engine/Content/' was aborted.
[2018.02.10-00.51.37:314][ 61]LogDirectoryWatcher: A directory notification for '../../../../GameDev/_Projects/Unreal/MyProject/Content/' was aborted.
[2018.02.10-00.51.37:314][ 61]LogDirectoryWatcher: A directory notification for '../../../Engine/Plugins/2D/Paper2D/Content/' was aborted.
[2018.02.10-00.51.37:314][ 61]LogDirectoryWatcher: A directory notification for '../../../Engine/Plugins/Runtime/GearVR/Content/' was aborted.
[2018.02.10-00.51.37:318][ 61]LogModuleManager: Shutting down and abandoning module DirectoryWatcher (161)
[2018.02.10-00.51.37:318][ 61]LogModuleManager: Shutting down and abandoning module KismetCompiler (158)
[2018.02.10-00.51.37:318][ 61]LogModuleManager: Shutting down and abandoning module LevelSequence (156)
[2018.02.10-00.51.37:318][ 61]LogModuleManager: Shutting down and abandoning module PhysXFormats (154)
[2018.02.10-00.51.37:318][ 61]LogModuleManager: Shutting down and abandoning module MeshUtilities (152)
[2018.02.10-00.51.37:318][ 61]LogModuleManager: Shutting down and abandoning module SimplygonSwarm (151)
[2018.02.10-00.51.37:318][ 61]LogModuleManager: Shutting down and abandoning module SimplygonMeshReduction (149)
[2018.02.10-00.51.37:318][ 61]LogModuleManager: Shutting down and abandoning module QuadricMeshReduction (147)
[2018.02.10-00.51.37:318][ 61]LogModuleManager: Shutting down and abandoning module DerivedDataCache (144)
[2018.02.10-00.51.37:496][ 61]LogDerivedDataCache: Shutdown
[2018.02.10-00.51.37:496][ 61]LogModuleManager: Shutting down and abandoning module TargetPlatform (142)
[2018.02.10-00.51.37:496][ 61]LogModuleManager: Shutting down and abandoning module VulkanShaderFormat (141)
[2018.02.10-00.51.37:496][ 61]LogModuleManager: Shutting down and abandoning module ShaderFormatVectorVM (139)
[2018.02.10-00.51.37:497][ 61]LogModuleManager: Shutting down and abandoning module ShaderFormatOpenGL (137)
[2018.02.10-00.51.37:497][ 61]LogModuleManager: Shutting down and abandoning module ShaderFormatD3D (135)
[2018.02.10-00.51.37:497][ 61]LogModuleManager: Shutting down and abandoning module MetalShaderFormat (133)
[2018.02.10-00.51.37:497][ 61]LogModuleManager: Shutting down and abandoning module TextureFormatUncompressed (131)
[2018.02.10-00.51.37:497][ 61]LogModuleManager: Shutting down and abandoning module TextureFormatPVR (129)
[2018.02.10-00.51.37:497][ 61]LogModuleManager: Shutting down and abandoning module TextureFormatDXT (127)
[2018.02.10-00.51.37:497][ 61]LogModuleManager: Shutting down and abandoning module TextureFormatIntelISPCTexComp (125)
[2018.02.10-00.51.37:497][ 61]LogModuleManager: Shutting down and abandoning module TextureFormatASTC (123)
[2018.02.10-00.51.37:497][ 61]LogModuleManager: Shutting down and abandoning module ImageWrapper (122)
[2018.02.10-00.51.37:497][ 61]LogModuleManager: Shutting down and abandoning module TextureFormatAndroid (119)
[2018.02.10-00.51.37:497][ 61]LogModuleManager: Shutting down and abandoning module AudioFormatOpus (117)
[2018.02.10-00.51.37:497][ 61]LogModuleManager: Shutting down and abandoning module AudioFormatOgg (115)
[2018.02.10-00.51.37:497][ 61]LogModuleManager: Shutting down and abandoning module AudioFormatADPCM (113)
[2018.02.10-00.51.37:497][ 61]LogModuleManager: Shutting down and abandoning module LinuxTargetPlatform (111)
[2018.02.10-00.51.37:497][ 61]LogModuleManager: Shutting down and abandoning module LinuxServerTargetPlatform (109)
[2018.02.10-00.51.37:497][ 61]LogModuleManager: Shutting down and abandoning module LinuxNoEditorTargetPlatform (107)
[2018.02.10-00.51.37:497][ 61]LogModuleManager: Shutting down and abandoning module LinuxClientTargetPlatform (105)
[2018.02.10-00.51.37:497][ 61]LogModuleManager: Shutting down and abandoning module TVOSTargetPlatform (103)
[2018.02.10-00.51.37:497][ 61]LogModuleManager: Shutting down and abandoning module Messaging (101)
[2018.02.10-00.51.37:497][ 61]LogModuleManager: Shutting down and abandoning module IOSTargetPlatform (99)
[2018.02.10-00.51.37:497][ 61]LogModuleManager: Shutting down and abandoning module HTML5TargetPlatform (97)
[2018.02.10-00.51.37:497][ 61]LogModuleManager: Shutting down and abandoning module Android_PVRTCTargetPlatform (95)
[2018.02.10-00.51.37:497][ 61]LogModuleManager: Shutting down and abandoning module Android_MultiTargetPlatform (93)
[2018.02.10-00.51.37:497][ 61]LogModuleManager: Shutting down and abandoning module Android_ETC2TargetPlatform (91)
[2018.02.10-00.51.37:497][ 61]LogModuleManager: Shutting down and abandoning module Android_ETC1TargetPlatform (89)
[2018.02.10-00.51.37:497][ 61]LogModuleManager: Shutting down and abandoning module Android_DXTTargetPlatform (87)
[2018.02.10-00.51.37:497][ 61]LogModuleManager: Shutting down and abandoning module Android_ATCTargetPlatform (85)
[2018.02.10-00.51.37:497][ 61]LogModuleManager: Shutting down and abandoning module Android_ASTCTargetPlatform (83)
[2018.02.10-00.51.37:497][ 61]LogModuleManager: Shutting down and abandoning module AndroidTargetPlatform (81)
[2018.02.10-00.51.37:497][ 61]LogModuleManager: Shutting down and abandoning module WindowsTargetPlatform (79)
[2018.02.10-00.51.37:497][ 61]LogModuleManager: Shutting down and abandoning module WindowsServerTargetPlatform (77)
[2018.02.10-00.51.37:497][ 61]LogModuleManager: Shutting down and abandoning module WindowsNoEditorTargetPlatform (75)
[2018.02.10-00.51.37:497][ 61]LogModuleManager: Shutting down and abandoning module WindowsClientTargetPlatform (73)
[2018.02.10-00.51.37:497][ 61]LogModuleManager: Shutting down and abandoning module MacTargetPlatform (71)
[2018.02.10-00.51.37:497][ 61]LogModuleManager: Shutting down and abandoning module MacServerTargetPlatform (69)
[2018.02.10-00.51.37:497][ 61]LogModuleManager: Shutting down and abandoning module MacNoEditorTargetPlatform (67)
[2018.02.10-00.51.37:497][ 61]LogModuleManager: Shutting down and abandoning module MacClientTargetPlatform (65)
[2018.02.10-00.51.37:497][ 61]LogModuleManager: Shutting down and abandoning module AllDesktopTargetPlatform (63)
[2018.02.10-00.51.37:497][ 61]LogModuleManager: Shutting down and abandoning module InputCore (60)
[2018.02.10-00.51.37:497][ 61]LogModuleManager: Shutting down and abandoning module Settings (58)
[2018.02.10-00.51.37:497][ 61]LogModuleManager: Shutting down and abandoning module OculusRift (56)
[2018.02.10-00.51.37:497][ 61]LogModuleManager: Shutting down and abandoning module GearVRController (54)
[2018.02.10-00.51.37:497][ 61]LogModuleManager: Shutting down and abandoning module GearVR (52)
[2018.02.10-00.51.37:497][ 61]LogModuleManager: Shutting down and abandoning module ExampleDeviceProfileSelector (50)
[2018.02.10-00.51.37:497][ 61]LogModuleManager: Shutting down and abandoning module OnlineBlueprintSupport (48)
[2018.02.10-00.51.37:497][ 61]LogModuleManager: Shutting down and abandoning module OnlineSubsystem (44)
[2018.02.10-00.51.37:497][ 61]LogOnline:Display: Unloading online subsystem: NULL
[2018.02.10-00.51.37:497][ 61]LogModuleManager: Shutting down and abandoning module XMPP (43)
[2018.02.10-00.51.37:497][ 61]LogModuleManager: Shutting down and abandoning module HTTP (41)
[2018.02.10-00.51.37:497][ 61]LogHttp:Display: Http module shutting down, but needs to wait on 1 outstanding Http requests:
[2018.02.10-00.51.37:497][ 61]LogHttp:Display: 	verb=[POST] url=[https://datarouter.ol.epicgames.com/datarouter/api/v1/public/data?SessionID=%7B2A0FB049-41F7-0400-B310-D4A3F855B738%7D&AppID=UEEditor.Rocket.Release&AppVersion=4.16.2-3514769%2B%2B%2BUE4%2BRelease-4.16&UserID=01e034b24ea554f31b8dd38771eabe77%7C931f564908014216910d37ab090cfd59%7C3a719b7d-6773-4c0f-b8cb-fc5d9d6955e9&AppEnvironment=datacollector-binary&UploadType=eteventstream] status=Processing
[2018.02.10-00.51.37:497][ 61]LogHttp:Display: Sleeping 0.5s to wait for 1 outstanding Http requests.
[2018.02.10-00.51.37:998][ 61]LogHttp:Display: Sleeping 0.5s to wait for 1 outstanding Http requests.
[2018.02.10-00.51.38:499][ 61]LogHttp:Display: Sleeping 0.5s to wait for 1 outstanding Http requests.
[2018.02.10-00.51.39:009][ 61]LogModuleManager: Shutting down and abandoning module SSL (40)
[2018.02.10-00.51.39:011][ 61]LogModuleManager: Shutting down and abandoning module HTTPChunkInstaller (36)
[2018.02.10-00.51.39:011][ 61]LogModuleManager: Shutting down and abandoning module AnimationModifiers (34)
[2018.02.10-00.51.39:011][ 61]LogModuleManager: Shutting down and abandoning module PropertyEditor (33)
[2018.02.10-00.51.39:012][ 61]LogModuleManager: Shutting down and abandoning module AudioEditor (30)
[2018.02.10-00.51.39:012][ 61]LogModuleManager: Shutting down and abandoning module TextureCompressor (28)
[2018.02.10-00.51.39:012][ 61]LogModuleManager: Shutting down and abandoning module ShaderCore (26)
[2018.02.10-00.51.39:012][ 61]LogModuleManager: Shutting down and abandoning module Landscape (24)
[2018.02.10-00.51.39:012][ 61]LogModuleManager: Shutting down and abandoning module SlateRHIRenderer (22)
[2018.02.10-00.51.39:012][ 61]LogModuleManager: Shutting down and abandoning module OpenGLDrv (20)
[2018.02.10-00.51.39:012][ 61]LogModuleManager: Shutting down and abandoning module D3D11RHI (18)
[2018.02.10-00.51.39:012][ 61]LogModuleManager: Shutting down and abandoning module AnimGraphRuntime (16)
[2018.02.10-00.51.39:012][ 61]LogModuleManager: Shutting down and abandoning module Renderer (14)
[2018.02.10-00.51.39:012][ 61]LogModuleManager: Shutting down and abandoning module Engine (12)
[2018.02.10-00.51.39:012][ 61]LogModuleManager: Shutting down and abandoning module CoreUObject (10)
[2018.02.10-00.51.39:012][ 61]LogModuleManager: Shutting down and abandoning module NetworkFile (8)
[2018.02.10-00.51.39:012][ 61]LogModuleManager: Shutting down and abandoning module StreamingFile (6)
[2018.02.10-00.51.39:012][ 61]LogModuleManager: Shutting down and abandoning module SandboxFile (4)
[2018.02.10-00.51.39:012][ 61]LogModuleManager: Shutting down and abandoning module PakFile (2)
[2018.02.10-00.51.39:014][ 61]LogExit: Exiting.
[2018.02.10-00.51.39:039][ 61]Log file closed, 02/09/18 19:51:39
